<?xml version="1.0" encoding="UTF-8" ?>
<testsuite tests="22" failures="0" name="com.epam.akhadova.bdd.TestsRunner" time="0.506" errors="2" skipped="0">
  <properties>
[...]
</properties>
  <testcase classname="| 2000 | 4000 |" name="Given I am on start page &quot;http://pn.com.ua&quot;" time="0.001"/>
  <testcase classname="| 2000 | 4000 |" name="When I select category &quot;����������&quot;" time="0"/>
  <testcase classname="| 2000 | 4000 |" name="And I select subcategory &quot;��������, ��������&quot;" time="0"/>
  <testcase classname="| 2000 | 4000 |" name="And I set minimum &quot;2000&quot; and maximum &quot;4000&quot; prices" time="0"/>
  <testcase classname="| 2000 | 4000 |" name="Then I see results matching search parameters &quot;2000&quot; &quot;4000&quot;" time="0"/>
  <testcase classname="| 2000 | 4000 |" name="| 2000 | 4000 |" time="0.33"/>
  <testcase classname="Scenario: Check filter by manufacturer name" name="Given I am on start page &quot;http://pn.com.ua&quot;" time="0"/>
  <testcase classname="Scenario: Check filter by manufacturer name" name="When I select category &quot;����������&quot;" time="0"/>
  <testcase classname="Scenario: Check filter by manufacturer name" name="And I select subcategory &quot;��������, ��������&quot;" time="0"/>
  <testcase classname="Scenario: Check filter by manufacturer name" name="And I select manufacturer" time="0"/>
  <testcase classname="Scenario: Check filter by manufacturer name" name="Then number of products equals to the number near the manufacturer" time="0"/>
  <testcase classname="Scenario: Check filter by manufacturer name" name="And product names begin with the selected product" time="0.003">
    <error message="Not a Map or List type: class java.lang.String" type="cucumber.runtime.CucumberException">cucumber.runtime.CucumberException: Not a Map or List type: class java.lang.String
	at cucumber.runtime.table.TableConverter.convert(TableConverter.java:75)
	at cucumber.runtime.StepDefinitionMatch.tableArgument(StepDefinitionMatch.java:97)
	at cucumber.runtime.StepDefinitionMatch.transformedArgs(StepDefinitionMatch.java:74)
	at cucumber.runtime.StepDefinitionMatch.runStep(StepDefinitionMatch.java:37)
	at cucumber.runtime.Runtime.runStep(Runtime.java:299)
	at cucumber.runtime.model.StepContainer.runStep(StepContainer.java:44)
	at cucumber.runtime.model.StepContainer.runSteps(StepContainer.java:39)
	at cucumber.runtime.model.CucumberScenario.run(CucumberScenario.java:44)
	at cucumber.runtime.junit.ExecutionUnitRunner.run(ExecutionUnitRunner.java:91)
	at cucumber.runtime.junit.FeatureRunner.runChild(FeatureRunner.java:63)
	at cucumber.runtime.junit.FeatureRunner.runChild(FeatureRunner.java:18)
	at org.junit.runners.ParentRunner$3.run(ParentRunner.java:290)
	at org.junit.runners.ParentRunner$1.schedule(ParentRunner.java:71)
	at org.junit.runners.ParentRunner.runChildren(ParentRunner.java:288)
	at org.junit.runners.ParentRunner.access$000(ParentRunner.java:58)
	at org.junit.runners.ParentRunner$2.evaluate(ParentRunner.java:268)
	at org.junit.runners.ParentRunner.run(ParentRunner.java:363)
	at cucumber.runtime.junit.FeatureRunner.run(FeatureRunner.java:70)
	at cucumber.api.junit.Cucumber.runChild(Cucumber.java:93)
	at cucumber.api.junit.Cucumber.runChild(Cucumber.java:37)
	at org.junit.runners.ParentRunner$3.run(ParentRunner.java:290)
	at org.junit.runners.ParentRunner$1.schedule(ParentRunner.java:71)
	at org.junit.runners.ParentRunner.runChildren(ParentRunner.java:288)
	at org.junit.runners.ParentRunner.access$000(ParentRunner.java:58)
	at org.junit.runners.ParentRunner$2.evaluate(ParentRunner.java:268)
	at org.junit.runners.ParentRunner.run(ParentRunner.java:363)
	at cucumber.api.junit.Cucumber.run(Cucumber.java:98)
	at org.apache.maven.surefire.junit4.JUnit4Provider.execute(JUnit4Provider.java:252)
	at org.apache.maven.surefire.junit4.JUnit4Provider.executeTestSet(JUnit4Provider.java:141)
	at org.apache.maven.surefire.junit4.JUnit4Provider.invoke(JUnit4Provider.java:112)
	at sun.reflect.NativeMethodAccessorImpl.invoke0(Native Method)
	at sun.reflect.NativeMethodAccessorImpl.invoke(NativeMethodAccessorImpl.java:62)
	at sun.reflect.DelegatingMethodAccessorImpl.invoke(DelegatingMethodAccessorImpl.java:43)
	at java.lang.reflect.Method.invoke(Method.java:497)
	at org.apache.maven.surefire.util.ReflectionUtils.invokeMethodWithArray(ReflectionUtils.java:189)
	at org.apache.maven.surefire.booter.ProviderFactory$ProviderProxy.invoke(ProviderFactory.java:165)
	at org.apache.maven.surefire.booter.ProviderFactory.invokeProvider(ProviderFactory.java:85)
	at org.apache.maven.surefire.booter.ForkedBooter.runSuitesInProcess(ForkedBooter.java:115)
	at org.apache.maven.surefire.booter.ForkedBooter.main(ForkedBooter.java:75)
</error>
  </testcase>
  <testcase classname="Scenario: Check filter by manufacturer name" name="Scenario: Check filter by manufacturer name" time="0.004">
    <error message="Not a Map or List type: class java.lang.String" type="cucumber.runtime.CucumberException">cucumber.runtime.CucumberException: Not a Map or List type: class java.lang.String
	at cucumber.runtime.table.TableConverter.convert(TableConverter.java:75)
	at cucumber.runtime.StepDefinitionMatch.tableArgument(StepDefinitionMatch.java:97)
	at cucumber.runtime.StepDefinitionMatch.transformedArgs(StepDefinitionMatch.java:74)
	at cucumber.runtime.StepDefinitionMatch.runStep(StepDefinitionMatch.java:37)
	at cucumber.runtime.Runtime.runStep(Runtime.java:299)
	at cucumber.runtime.model.StepContainer.runStep(StepContainer.java:44)
	at cucumber.runtime.model.StepContainer.runSteps(StepContainer.java:39)
	at cucumber.runtime.model.CucumberScenario.run(CucumberScenario.java:44)
	at cucumber.runtime.junit.ExecutionUnitRunner.run(ExecutionUnitRunner.java:91)
	at cucumber.runtime.junit.FeatureRunner.runChild(FeatureRunner.java:63)
	at cucumber.runtime.junit.FeatureRunner.runChild(FeatureRunner.java:18)
	at org.junit.runners.ParentRunner$3.run(ParentRunner.java:290)
	at org.junit.runners.ParentRunner$1.schedule(ParentRunner.java:71)
	at org.junit.runners.ParentRunner.runChildren(ParentRunner.java:288)
	at org.junit.runners.ParentRunner.access$000(ParentRunner.java:58)
	at org.junit.runners.ParentRunner$2.evaluate(ParentRunner.java:268)
	at org.junit.runners.ParentRunner.run(ParentRunner.java:363)
	at cucumber.runtime.junit.FeatureRunner.run(FeatureRunner.java:70)
	at cucumber.api.junit.Cucumber.runChild(Cucumber.java:93)
	at cucumber.api.junit.Cucumber.runChild(Cucumber.java:37)
	at org.junit.runners.ParentRunner$3.run(ParentRunner.java:290)
	at org.junit.runners.ParentRunner$1.schedule(ParentRunner.java:71)
	at org.junit.runners.ParentRunner.runChildren(ParentRunner.java:288)
	at org.junit.runners.ParentRunner.access$000(ParentRunner.java:58)
	at org.junit.runners.ParentRunner$2.evaluate(ParentRunner.java:268)
	at org.junit.runners.ParentRunner.run(ParentRunner.java:363)
	at cucumber.api.junit.Cucumber.run(Cucumber.java:98)
	at org.apache.maven.surefire.junit4.JUnit4Provider.execute(JUnit4Provider.java:252)
	at org.apache.maven.surefire.junit4.JUnit4Provider.executeTestSet(JUnit4Provider.java:141)
	at org.apache.maven.surefire.junit4.JUnit4Provider.invoke(JUnit4Provider.java:112)
	at sun.reflect.NativeMethodAccessorImpl.invoke0(Native Method)
	at sun.reflect.NativeMethodAccessorImpl.invoke(NativeMethodAccessorImpl.java:62)
	at sun.reflect.DelegatingMethodAccessorImpl.invoke(DelegatingMethodAccessorImpl.java:43)
	at java.lang.reflect.Method.invoke(Method.java:497)
	at org.apache.maven.surefire.util.ReflectionUtils.invokeMethodWithArray(ReflectionUtils.java:189)
	at org.apache.maven.surefire.booter.ProviderFactory$ProviderProxy.invoke(ProviderFactory.java:165)
	at org.apache.maven.surefire.booter.ProviderFactory.invokeProvider(ProviderFactory.java:85)
	at org.apache.maven.surefire.booter.ForkedBooter.runSuitesInProcess(ForkedBooter.java:115)
	at org.apache.maven.surefire.booter.ForkedBooter.main(ForkedBooter.java:75)
</error>
  </testcase>
  <testcase classname="Scenario: Check search by product name" name="Given I am on start page &quot;http://pn.com.ua&quot;" time="0"/>
  <testcase classname="Scenario: Check search by product name" name="When I select category &quot;����������&quot;" time="0"/>
  <testcase classname="Scenario: Check search by product name" name="And I select subcategory &quot;��������, ��������&quot;" time="0"/>
  <testcase classname="Scenario: Check search by product name" name="And I sort product by price" time="0"/>
  <testcase classname="Scenario: Check search by product name" name="And I get the name of the cheapest product" time="0"/>
  <testcase classname="Scenario: Check search by product name" name="And enter product name into the search field and submit" time="0"/>
  <testcase classname="Scenario: Check search by product name" name="Then Search Results Page has 1 product" time="0"/>
  <testcase classname="Scenario: Check search by product name" name="And product name is equal to specified name" time="0"/>
  <testcase classname="Scenario: Check search by product name" name="Scenario: Check search by product name" time="0.168"/>
</testsuite>